Build started 05.07.2015 13:39:12.
     1>Project "D:\Programming projects_Local\!Sheridan\Copy\Sheridan\DataStructures\!Homework\Assignment#5\prog50049_cocos_tinyxml2\proj.win32\prog50049_cocos_tinyxml2.vcxproj" on node 2 (Build target(s)).
     1>ClCompile:
         D:\Program Files (x86)\Microsoft Visual Studio 12.0\VC\bin\CL.exe /c /I"C:\sdk\cocos2d-x-3.2\\" /I"C:\sdk\cocos2d-x-3.2\cocos" /I"C:\sdk\cocos2d-x-3.2\cocos\platform\win32" /I"C:\sdk\cocos2d-x-3.2\cocos\platform\desktop" /I"C:\sdk\cocos2d-x-3.2\cocos\2d" /I"C:\sdk\cocos2d-x-3.2\cocos\2d\renderer" /I"C:\sdk\cocos2d-x-3.2\cocos\ui" /I"C:\sdk\cocos2d-x-3.2\cocos\base" /I"C:\sdk\cocos2d-x-3.2\cocos\physics" /I"C:\sdk\cocos2d-x-3.2\cocos\math\kazmath" /I"C:\sdk\cocos2d-x-3.2\cocos\2d\platform\win32" /I"C:\sdk\cocos2d-x-3.2\cocos\2d\platform\desktop" /I"C:\sdk\cocos2d-x-3.2\external\glfw3\include\win32" /I"C:\sdk\cocos2d-x-3.2\external\win32-specific\gles\include\OGLES" /I"C:\sdk\cocos2d-x-3.2\cocos\editor-support" /I"C:\sdk\cocos2d-x-3.2\cocos\audio\include" /I"C:\sdk\cocos2d-x-3.2\cocos\network" /I"C:\sdk\cocos2d-x-3.2\external" /I"C:\sdk\cocos2d-x-3.2\external\chipmunk\include\chipmunk" /I"C:\sdk\cocos2d-x-3.2\external\curl\include\win32" /I"C:\sdk\cocos2d-x-3.2\external\websockets\win32\include" /I"C:\sdk\cocos2d-x-3.2\external\tinyxml2" /I"C:\sdk\cocos2d-x-3.2\extensions" /I..\Classes /I.. /ZI /nologo /W3 /WX- /MP /Od /Oy- /D WIN32 /D _DEBUG /D _WINDOWS /D _USE_MATH_DEFINES /D GL_GLEXT_PROTOTYPES /D CC_ENABLE_CHIPMUNK_INTEGRATION=1 /D COCOS2D_DEBUG=1 /D _CRT_SECURE_NO_WARNINGS /D _SCL_SECURE_NO_WARNINGS /D _UNICODE /D UNICODE /Gm- /EHsc /RTC1 /MDd /GS /fp:precise /Zc:wchar_t /Zc:forScope /Fo"Debug.win32\\" /Fd"Debug.win32\vc120.pdb" /Gd /TP /wd4267 /wd4251 /wd4244 /analyze- /errorReport:prompt ..\Classes\MapLoader.cpp ..\Classes\prog50049_cocos_tinyxml2Scene.cpp
         MapLoader.cpp
         prog50049_cocos_tinyxml2Scene.cpp
     1>d:\programming projects_local\!sheridan\copy\sheridan\datastructures\!homework\assignment#5\prog50049_cocos_tinyxml2\classes\maploader.cpp(14): warning C4018: '<' : signed/unsigned mismatch
     1>d:\programming projects_local\!sheridan\copy\sheridan\datastructures\!homework\assignment#5\prog50049_cocos_tinyxml2\classes\maploader.cpp(19): warning C4018: '<' : signed/unsigned mismatch
     1>d:\programming projects_local\!sheridan\copy\sheridan\datastructures\!homework\assignment#5\prog50049_cocos_tinyxml2\classes\maploader.cpp(41): warning C4996: 'cocos2d::FileUtils::getFileData': was declared deprecated
                 c:\sdk\cocos2d-x-3.2\cocos\platform\ccfileutils.h(101) : see declaration of 'cocos2d::FileUtils::getFileData'
                 c:\sdk\cocos2d-x-3.2\cocos\platform\ccfileutils.h(101) : see declaration of 'cocos2d::FileUtils::getFileData'
     1>d:\programming projects_local\!sheridan\copy\sheridan\datastructures\!homework\assignment#5\prog50049_cocos_tinyxml2\classes\maploader.cpp(93): warning C4018: '<' : signed/unsigned mismatch
     1>d:\programming projects_local\!sheridan\copy\sheridan\datastructures\!homework\assignment#5\prog50049_cocos_tinyxml2\classes\maploader.cpp(105): warning C4018: '<' : signed/unsigned mismatch
     1>d:\programming projects_local\!sheridan\copy\sheridan\datastructures\!homework\assignment#5\prog50049_cocos_tinyxml2\classes\maploader.cpp(107): warning C4018: '<' : signed/unsigned mismatch
     1>d:\programming projects_local\!sheridan\copy\sheridan\datastructures\!homework\assignment#5\prog50049_cocos_tinyxml2\classes\maploader.cpp(116): warning C4018: '<' : signed/unsigned mismatch
     1>d:\programming projects_local\!sheridan\copy\sheridan\datastructures\!homework\assignment#5\prog50049_cocos_tinyxml2\classes\maploader.cpp(155): warning C4554: '&' : check operator precedence for possible error; use parentheses to clarify precedence
     1>d:\programming projects_local\!sheridan\copy\sheridan\datastructures\!homework\assignment#5\prog50049_cocos_tinyxml2\classes\maploader.cpp(187): warning C4018: '<' : signed/unsigned mismatch
       Link:
         D:\Program Files (x86)\Microsoft Visual Studio 12.0\VC\bin\link.exe /ERRORREPORT:PROMPT /OUT:"D:\Programming projects_Local\!Sheridan\Copy\Sheridan\DataStructures\!Homework\Assignment#5\prog50049_cocos_tinyxml2\proj.win32\Debug.win32\prog50049_cocos_tinyxml2.exe" /INCREMENTAL /NOLOGO /LIBPATH:"C:\sdk\cocos2d-x-3.2\\build\Debug.win32" /LIBPATH:"D:\Programming projects_Local\!Sheridan\Copy\Sheridan\DataStructures\!Homework\Assignment#5\prog50049_cocos_tinyxml2\proj.win32\Debug.win32\\" websockets.lib freetype250.lib opengl32.lib glew32.lib glfw3.lib libAudio.lib libBox2D.lib libchipmunk.lib libcocos2d.lib libCocosBuilder.lib libCocosStudio.lib libcurl_imp.lib libExtensions.lib libGUI.lib libiconv.lib libjpeg.lib libLocalStorage.lib liblua.lib libNetwork.lib libpng.lib libSpine.lib libtiff.lib libwebp.lib libzlib.lib lua51.lib ws2_32.lib kernel32.lib user32.lib gdi32.lib winspool.lib comdlg32.lib advapi32.lib shell32.lib ole32.lib oleaut32.lib uuid.lib odbc32.lib odbccp32.lib /MANIFEST /MANIFESTUAC:"level='asInvoker' uiAccess='false'" /manifest:embed /DEBUG /PDB:"D:\Programming projects_Local\!Sheridan\Copy\Sheridan\DataStructures\!Homework\Assignment#5\prog50049_cocos_tinyxml2\proj.win32\Debug.win32\prog50049_cocos_tinyxml2.pdb" /SUBSYSTEM:WINDOWS /TLBID:1 /DYNAMICBASE /NXCOMPAT /IMPLIB:"D:\Programming projects_Local\!Sheridan\Copy\Sheridan\DataStructures\!Homework\Assignment#5\prog50049_cocos_tinyxml2\proj.win32\Debug.win32\prog50049_cocos_tinyxml2.lib" /MACHINE:X86 /SAFESEH Debug.win32\game.res
         Debug.win32\AppDelegate.obj
         Debug.win32\Layer.obj
         Debug.win32\MapLoader.obj
         Debug.win32\prog50049_cocos_tinyxml2Scene.obj
         Debug.win32\main.obj
         LINK : D:\Programming projects_Local\!Sheridan\Copy\Sheridan\DataStructures\!Homework\Assignment#5\prog50049_cocos_tinyxml2\proj.win32\Debug.win32\prog50049_cocos_tinyxml2.exe not found or not built by the last incremental link; performing full link
     1>AppDelegate.obj : warning LNK4075: ignoring '/EDITANDCONTINUE' due to '/SAFESEH' specification
     1>LINK : warning LNK4098: defaultlib 'LIBCMTD' conflicts with use of other libs; use /NODEFAULTLIB:library
     1>LINK : warning LNK4098: defaultlib 'MSVCRT' conflicts with use of other libs; use /NODEFAULTLIB:library
     1>LINK : warning LNK4098: defaultlib 'LIBCMT' conflicts with use of other libs; use /NODEFAULTLIB:library
     1>libjpeg.lib(jcapimin.obj) : warning LNK4099: PDB 'vc110.pdb' was not found with 'libjpeg.lib(jcapimin.obj)' or at 'D:\Programming projects_Local\!Sheridan\Copy\Sheridan\DataStructures\!Homework\Assignment#5\prog50049_cocos_tinyxml2\proj.win32\Debug.win32\vc110.pdb'; linking object as if no debug info
     1>libjpeg.lib(jcapistd.obj) : warning LNK4099: PDB 'vc110.pdb' was not found with 'libjpeg.lib(jcapistd.obj)' or at 'D:\Programming projects_Local\!Sheridan\Copy\Sheridan\DataStructures\!Homework\Assignment#5\prog50049_cocos_tinyxml2\proj.win32\Debug.win32\vc110.pdb'; linking object as if no debug info
     1>libjpeg.lib(jcarith.obj) : warning LNK4099: PDB 'vc110.pdb' was not found with 'libjpeg.lib(jcarith.obj)' or at 'D:\Programming projects_Local\!Sheridan\Copy\Sheridan\DataStructures\!Homework\Assignment#5\prog50049_cocos_tinyxml2\proj.win32\Debug.win32\vc110.pdb'; linking object as if no debug info
     1>libjpeg.lib(jcparam.obj) : warning LNK4099: PDB 'vc110.pdb' was not found with 'libjpeg.lib(jcparam.obj)' or at 'D:\Programming projects_Local\!Sheridan\Copy\Sheridan\DataStructures\!Homework\Assignment#5\prog50049_cocos_tinyxml2\proj.win32\Debug.win32\vc110.pdb'; linking object as if no debug info
     1>libjpeg.lib(jdatadst.obj) : warning LNK4099: PDB 'vc110.pdb' was not found with 'libjpeg.lib(jdatadst.obj)' or at 'D:\Programming projects_Local\!Sheridan\Copy\Sheridan\DataStructures\!Homework\Assignment#5\prog50049_cocos_tinyxml2\proj.win32\Debug.win32\vc110.pdb'; linking object as if no debug info
     1>libjpeg.lib(jcinit.obj) : warning LNK4099: PDB 'vc110.pdb' was not found with 'libjpeg.lib(jcinit.obj)' or at 'D:\Programming projects_Local\!Sheridan\Copy\Sheridan\DataStructures\!Homework\Assignment#5\prog50049_cocos_tinyxml2\proj.win32\Debug.win32\vc110.pdb'; linking object as if no debug info
     1>libjpeg.lib(jcmaster.obj) : warning LNK4099: PDB 'vc110.pdb' was not found with 'libjpeg.lib(jcmaster.obj)' or at 'D:\Programming projects_Local\!Sheridan\Copy\Sheridan\DataStructures\!Homework\Assignment#5\prog50049_cocos_tinyxml2\proj.win32\Debug.win32\vc110.pdb'; linking object as if no debug info
     1>libjpeg.lib(jcmarker.obj) : warning LNK4099: PDB 'vc110.pdb' was not found with 'libjpeg.lib(jcmarker.obj)' or at 'D:\Programming projects_Local\!Sheridan\Copy\Sheridan\DataStructures\!Homework\Assignment#5\prog50049_cocos_tinyxml2\proj.win32\Debug.win32\vc110.pdb'; linking object as if no debug info
     1>libjpeg.lib(jcmainct.obj) : warning LNK4099: PDB 'vc110.pdb' was not found with 'libjpeg.lib(jcmainct.obj)' or at 'D:\Programming projects_Local\!Sheridan\Copy\Sheridan\DataStructures\!Homework\Assignment#5\prog50049_cocos_tinyxml2\proj.win32\Debug.win32\vc110.pdb'; linking object as if no debug info
     1>libjpeg.lib(jcprepct.obj) : warning LNK4099: PDB 'vc110.pdb' was not found with 'libjpeg.lib(jcprepct.obj)' or at 'D:\Programming projects_Local\!Sheridan\Copy\Sheridan\DataStructures\!Homework\Assignment#5\prog50049_cocos_tinyxml2\proj.win32\Debug.win32\vc110.pdb'; linking object as if no debug info
     1>libjpeg.lib(jccoefct.obj) : warning LNK4099: PDB 'vc110.pdb' was not found with 'libjpeg.lib(jccoefct.obj)' or at 'D:\Programming projects_Local\!Sheridan\Copy\Sheridan\DataStructures\!Homework\Assignment#5\prog50049_cocos_tinyxml2\proj.win32\Debug.win32\vc110.pdb'; linking object as if no debug info
     1>libjpeg.lib(jccolor.obj) : warning LNK4099: PDB 'vc110.pdb' was not found with 'libjpeg.lib(jccolor.obj)' or at 'D:\Programming projects_Local\!Sheridan\Copy\Sheridan\DataStructures\!Homework\Assignment#5\prog50049_cocos_tinyxml2\proj.win32\Debug.win32\vc110.pdb'; linking object as if no debug info
     1>libjpeg.lib(jcsample.obj) : warning LNK4099: PDB 'vc110.pdb' was not found with 'libjpeg.lib(jcsample.obj)' or at 'D:\Programming projects_Local\!Sheridan\Copy\Sheridan\DataStructures\!Homework\Assignment#5\prog50049_cocos_tinyxml2\proj.win32\Debug.win32\vc110.pdb'; linking object as if no debug info
     1>libjpeg.lib(jchuff.obj) : warning LNK4099: PDB 'vc110.pdb' was not found with 'libjpeg.lib(jchuff.obj)' or at 'D:\Programming projects_Local\!Sheridan\Copy\Sheridan\DataStructures\!Homework\Assignment#5\prog50049_cocos_tinyxml2\proj.win32\Debug.win32\vc110.pdb'; linking object as if no debug info
     1>libjpeg.lib(jcdctmgr.obj) : warning LNK4099: PDB 'vc110.pdb' was not found with 'libjpeg.lib(jcdctmgr.obj)' or at 'D:\Programming projects_Local\!Sheridan\Copy\Sheridan\DataStructures\!Homework\Assignment#5\prog50049_cocos_tinyxml2\proj.win32\Debug.win32\vc110.pdb'; linking object as if no debug info
     1>libjpeg.lib(jfdctfst.obj) : warning LNK4099: PDB 'vc110.pdb' was not found with 'libjpeg.lib(jfdctfst.obj)' or at 'D:\Programming projects_Local\!Sheridan\Copy\Sheridan\DataStructures\!Homework\Assignment#5\prog50049_cocos_tinyxml2\proj.win32\Debug.win32\vc110.pdb'; linking object as if no debug info
     1>libjpeg.lib(jfdctflt.obj) : warning LNK4099: PDB 'vc110.pdb' was not found with 'libjpeg.lib(jfdctflt.obj)' or at 'D:\Programming projects_Local\!Sheridan\Copy\Sheridan\DataStructures\!Homework\Assignment#5\prog50049_cocos_tinyxml2\proj.win32\Debug.win32\vc110.pdb'; linking object as if no debug info
     1>libjpeg.lib(jfdctint.obj) : warning LNK4099: PDB 'vc110.pdb' was not found with 'libjpeg.lib(jfdctint.obj)' or at 'D:\Programming projects_Local\!Sheridan\Copy\Sheridan\DataStructures\!Homework\Assignment#5\prog50049_cocos_tinyxml2\proj.win32\Debug.win32\vc110.pdb'; linking object as if no debug info
     1>libjpeg.lib(jdapimin.obj) : warning LNK4099: PDB 'vc110.pdb' was not found with 'libjpeg.lib(jdapimin.obj)' or at 'D:\Programming projects_Local\!Sheridan\Copy\Sheridan\DataStructures\!Homework\Assignment#5\prog50049_cocos_tinyxml2\proj.win32\Debug.win32\vc110.pdb'; linking object as if no debug info
     1>libjpeg.lib(jdapistd.obj) : warning LNK4099: PDB 'vc110.pdb' was not found with 'libjpeg.lib(jdapistd.obj)' or at 'D:\Programming projects_Local\!Sheridan\Copy\Sheridan\DataStructures\!Homework\Assignment#5\prog50049_cocos_tinyxml2\proj.win32\Debug.win32\vc110.pdb'; linking object as if no debug info
     1>libjpeg.lib(jdarith.obj) : warning LNK4099: PDB 'vc110.pdb' was not found with 'libjpeg.lib(jdarith.obj)' or at 'D:\Programming projects_Local\!Sheridan\Copy\Sheridan\DataStructures\!Homework\Assignment#5\prog50049_cocos_tinyxml2\proj.win32\Debug.win32\vc110.pdb'; linking object as if no debug info
     1>libjpeg.lib(jdatasrc.obj) : warning LNK4099: PDB 'vc110.pdb' was not found with 'libjpeg.lib(jdatasrc.obj)' or at 'D:\Programming projects_Local\!Sheridan\Copy\Sheridan\DataStructures\!Homework\Assignment#5\prog50049_cocos_tinyxml2\proj.win32\Debug.win32\vc110.pdb'; linking object as if no debug info
     1>libjpeg.lib(jdmaster.obj) : warning LNK4099: PDB 'vc110.pdb' was not found with 'libjpeg.lib(jdmaster.obj)' or at 'D:\Programming projects_Local\!Sheridan\Copy\Sheridan\DataStructures\!Homework\Assignment#5\prog50049_cocos_tinyxml2\proj.win32\Debug.win32\vc110.pdb'; linking object as if no debug info
     1>libjpeg.lib(jdinput.obj) : warning LNK4099: PDB 'vc110.pdb' was not found with 'libjpeg.lib(jdinput.obj)' or at 'D:\Programming projects_Local\!Sheridan\Copy\Sheridan\DataStructures\!Homework\Assignment#5\prog50049_cocos_tinyxml2\proj.win32\Debug.win32\vc110.pdb'; linking object as if no debug info
     1>libjpeg.lib(jdmarker.obj) : warning LNK4099: PDB 'vc110.pdb' was not found with 'libjpeg.lib(jdmarker.obj)' or at 'D:\Programming projects_Local\!Sheridan\Copy\Sheridan\DataStructures\!Homework\Assignment#5\prog50049_cocos_tinyxml2\proj.win32\Debug.win32\vc110.pdb'; linking object as if no debug info
     1>libjpeg.lib(jdhuff.obj) : warning LNK4099: PDB 'vc110.pdb' was not found with 'libjpeg.lib(jdhuff.obj)' or at 'D:\Programming projects_Local\!Sheridan\Copy\Sheridan\DataStructures\!Homework\Assignment#5\prog50049_cocos_tinyxml2\proj.win32\Debug.win32\vc110.pdb'; linking object as if no debug info
     1>libjpeg.lib(jdmainct.obj) : warning LNK4099: PDB 'vc110.pdb' was not found with 'libjpeg.lib(jdmainct.obj)' or at 'D:\Programming projects_Local\!Sheridan\Copy\Sheridan\DataStructures\!Homework\Assignment#5\prog50049_cocos_tinyxml2\proj.win32\Debug.win32\vc110.pdb'; linking object as if no debug info
     1>libjpeg.lib(jdcoefct.obj) : warning LNK4099: PDB 'vc110.pdb' was not found with 'libjpeg.lib(jdcoefct.obj)' or at 'D:\Programming projects_Local\!Sheridan\Copy\Sheridan\DataStructures\!Homework\Assignment#5\prog50049_cocos_tinyxml2\proj.win32\Debug.win32\vc110.pdb'; linking object as if no debug info
     1>libjpeg.lib(jdpostct.obj) : warning LNK4099: PDB 'vc110.pdb' was not found with 'libjpeg.lib(jdpostct.obj)' or at 'D:\Programming projects_Local\!Sheridan\Copy\Sheridan\DataStructures\!Homework\Assignment#5\prog50049_cocos_tinyxml2\proj.win32\Debug.win32\vc110.pdb'; linking object as if no debug info
     1>libjpeg.lib(jddctmgr.obj) : warning LNK4099: PDB 'vc110.pdb' was not found with 'libjpeg.lib(jddctmgr.obj)' or at 'D:\Programming projects_Local\!Sheridan\Copy\Sheridan\DataStructures\!Homework\Assignment#5\prog50049_cocos_tinyxml2\proj.win32\Debug.win32\vc110.pdb'; linking object as if no debug info
     1>libjpeg.lib(jidctfst.obj) : warning LNK4099: PDB 'vc110.pdb' was not found with 'libjpeg.lib(jidctfst.obj)' or at 'D:\Programming projects_Local\!Sheridan\Copy\Sheridan\DataStructures\!Homework\Assignment#5\prog50049_cocos_tinyxml2\proj.win32\Debug.win32\vc110.pdb'; linking object as if no debug info
     1>libjpeg.lib(jidctflt.obj) : warning LNK4099: PDB 'vc110.pdb' was not found with 'libjpeg.lib(jidctflt.obj)' or at 'D:\Programming projects_Local\!Sheridan\Copy\Sheridan\DataStructures\!Homework\Assignment#5\prog50049_cocos_tinyxml2\proj.win32\Debug.win32\vc110.pdb'; linking object as if no debug info
     1>libjpeg.lib(jidctint.obj) : warning LNK4099: PDB 'vc110.pdb' was not found with 'libjpeg.lib(jidctint.obj)' or at 'D:\Programming projects_Local\!Sheridan\Copy\Sheridan\DataStructures\!Homework\Assignment#5\prog50049_cocos_tinyxml2\proj.win32\Debug.win32\vc110.pdb'; linking object as if no debug info
     1>libjpeg.lib(jdsample.obj) : warning LNK4099: PDB 'vc110.pdb' was not found with 'libjpeg.lib(jdsample.obj)' or at 'D:\Programming projects_Local\!Sheridan\Copy\Sheridan\DataStructures\!Homework\Assignment#5\prog50049_cocos_tinyxml2\proj.win32\Debug.win32\vc110.pdb'; linking object as if no debug info
     1>libjpeg.lib(jdcolor.obj) : warning LNK4099: PDB 'vc110.pdb' was not found with 'libjpeg.lib(jdcolor.obj)' or at 'D:\Programming projects_Local\!Sheridan\Copy\Sheridan\DataStructures\!Homework\Assignment#5\prog50049_cocos_tinyxml2\proj.win32\Debug.win32\vc110.pdb'; linking object as if no debug info
     1>libjpeg.lib(jquant1.obj) : warning LNK4099: PDB 'vc110.pdb' was not found with 'libjpeg.lib(jquant1.obj)' or at 'D:\Programming projects_Local\!Sheridan\Copy\Sheridan\DataStructures\!Homework\Assignment#5\prog50049_cocos_tinyxml2\proj.win32\Debug.win32\vc110.pdb'; linking object as if no debug info
     1>libjpeg.lib(jquant2.obj) : warning LNK4099: PDB 'vc110.pdb' was not found with 'libjpeg.lib(jquant2.obj)' or at 'D:\Programming projects_Local\!Sheridan\Copy\Sheridan\DataStructures\!Homework\Assignment#5\prog50049_cocos_tinyxml2\proj.win32\Debug.win32\vc110.pdb'; linking object as if no debug info
     1>libjpeg.lib(jdmerge.obj) : warning LNK4099: PDB 'vc110.pdb' was not found with 'libjpeg.lib(jdmerge.obj)' or at 'D:\Programming projects_Local\!Sheridan\Copy\Sheridan\DataStructures\!Homework\Assignment#5\prog50049_cocos_tinyxml2\proj.win32\Debug.win32\vc110.pdb'; linking object as if no debug info
     1>libjpeg.lib(jaricom.obj) : warning LNK4099: PDB 'vc110.pdb' was not found with 'libjpeg.lib(jaricom.obj)' or at 'D:\Programming projects_Local\!Sheridan\Copy\Sheridan\DataStructures\!Homework\Assignment#5\prog50049_cocos_tinyxml2\proj.win32\Debug.win32\vc110.pdb'; linking object as if no debug info
     1>libjpeg.lib(jcomapi.obj) : warning LNK4099: PDB 'vc110.pdb' was not found with 'libjpeg.lib(jcomapi.obj)' or at 'D:\Programming projects_Local\!Sheridan\Copy\Sheridan\DataStructures\!Homework\Assignment#5\prog50049_cocos_tinyxml2\proj.win32\Debug.win32\vc110.pdb'; linking object as if no debug info
     1>libjpeg.lib(jutils.obj) : warning LNK4099: PDB 'vc110.pdb' was not found with 'libjpeg.lib(jutils.obj)' or at 'D:\Programming projects_Local\!Sheridan\Copy\Sheridan\DataStructures\!Homework\Assignment#5\prog50049_cocos_tinyxml2\proj.win32\Debug.win32\vc110.pdb'; linking object as if no debug info
     1>libjpeg.lib(jerror.obj) : warning LNK4099: PDB 'vc110.pdb' was not found with 'libjpeg.lib(jerror.obj)' or at 'D:\Programming projects_Local\!Sheridan\Copy\Sheridan\DataStructures\!Homework\Assignment#5\prog50049_cocos_tinyxml2\proj.win32\Debug.win32\vc110.pdb'; linking object as if no debug info
     1>libjpeg.lib(jmemmgr.obj) : warning LNK4099: PDB 'vc110.pdb' was not found with 'libjpeg.lib(jmemmgr.obj)' or at 'D:\Programming projects_Local\!Sheridan\Copy\Sheridan\DataStructures\!Homework\Assignment#5\prog50049_cocos_tinyxml2\proj.win32\Debug.win32\vc110.pdb'; linking object as if no debug info
     1>libjpeg.lib(jmemnobs.obj) : warning LNK4099: PDB 'vc110.pdb' was not found with 'libjpeg.lib(jmemnobs.obj)' or at 'D:\Programming projects_Local\!Sheridan\Copy\Sheridan\DataStructures\!Homework\Assignment#5\prog50049_cocos_tinyxml2\proj.win32\Debug.win32\vc110.pdb'; linking object as if no debug info
         prog50049_cocos_tinyxml2.vcxproj -> D:\Programming projects_Local\!Sheridan\Copy\Sheridan\DataStructures\!Homework\Assignment#5\prog50049_cocos_tinyxml2\proj.win32\Debug.win32\prog50049_cocos_tinyxml2.exe
       PostBuildEvent:
         xcopy /Y /Q "C:\sdk\cocos2d-x-3.2\build\Debug.win32\glew32.dll" "D:\Programming projects_Local\!Sheridan\Copy\Sheridan\DataStructures\!Homework\Assignment#5\prog50049_cocos_tinyxml2\proj.win32\Debug.win32\"
         xcopy /Y /Q "C:\sdk\cocos2d-x-3.2\build\Debug.win32\zlib1.dll" "D:\Programming projects_Local\!Sheridan\Copy\Sheridan\DataStructures\!Homework\Assignment#5\prog50049_cocos_tinyxml2\proj.win32\Debug.win32\"
         :VCEnd
         1 File(s) copied
         1 File(s) copied
     1>Done Building Project "D:\Programming projects_Local\!Sheridan\Copy\Sheridan\DataStructures\!Homework\Assignment#5\prog50049_cocos_tinyxml2\proj.win32\prog50049_cocos_tinyxml2.vcxproj" (Build target(s)).

Build succeeded.

Time Elapsed 00:01:02.62
